app/seeds.txt
com.fpliu.newton.video.player.sample.MyApplication
com.fpliu.newton.video.player.sample.MyApplication$onCreate$4$getInterceptors$1$1: MyApplication$onCreate$4$getInterceptors$1$1()
com.fpliu.newton.video.player.sample.MyApplication$onCreate$4$getInterceptors$1$1: <clinit>()
com.fpliu.newton.video.player.sample.MyApplication: MyApplication()
com.fpliu.newton.video.player.sample.MainActivity: MainActivity()
com.fpliu.newton.video.player.sample.MyApplication$onCreate$4$getInterceptors$1$1
com.fpliu.newton.video.player.sample.MyApplication$onCreate$4$getInterceptors$1$1: com.fpliu.newton.video.player.sample.MyApplication$onCreate$4$getInterceptors$1$1 INSTANCE
com.fpliu.newton.video.player.sample.MyApplication$onCreate$4$getInterceptors$1$1: java.lang.Object invoke(java.lang.Object)
com.fpliu.newton.video.player.sample.MyApplication$onCreate$4$getInterceptors$1$1: void invoke(java.lang.String)
com.fpliu.newton.video.player.sample.MainActivity
...
com.google.android.material.R$styleable: int FontFamilyFont_fontStyle
com.umeng.commonsdk.stateless.c: c(byte[],java.lang.String,byte[])
io.reactivex.internal.operators.flowable.FlowableConcatMap: FlowableConcatMap(io.reactivex.Flowable,io.reactivex.functions.Function,int,io.reactivex.internal.util.ErrorMode)
androidx.appcompat.widget.AppCompatAutoCompleteTextView: AppCompatAutoCompleteTextView(android.content.Context)
io.reactivex.internal.schedulers.SchedulerWhen: <clinit>()
com.google.android.material.textfield.TextInputLayout: boolean hasPasswordTransformation()
com.fpliu.newton.video.player.R$id: int forever
com.google.android.material.R$dimen: int notification_action_text_size
com.google.android.material.button.MaterialButton: void setCornerRadius(int)
okio.Segment: okio.Segment split(int)
io.reactivex.Observable: io.reactivex.Observable delaySubscription(io.reactivex.ObservableSource)
io.reactivex.internal.operators.observable.BlockingObservableLatest$BlockingObservableLatestIterator: BlockingObservableLatest$BlockingObservableLatestIterator()
okhttp3.CertificatePinner: void check(java.lang.String,java.util.List)
io.reactivex.internal.operators.flowable.FlowableScan
io.reactivex.internal.operators.flowable.FlowableInternalHelper$SubscriberOnError: void accept(java.lang.Object)
com.fpliu.newton.ui.list.R$id: int message
com.umeng.commonsdk.proguard.g: java.lang.String ap
com.umeng.analytics.pro.bm: long e
okhttp3.Dispatcher: java.util.List queuedCalls()
io.reactivex.internal.operators.observable.ObservableBufferTimed$BufferExactBoundedObserver: void onComplete()
io.reactivex.internal.operators.flowable.FlowableDelay$DelaySubscriber: void onComplete()
io.reactivex.internal.operators.flowable.FlowableFlatMapMaybe$FlatMapMaybeSubscriber$InnerObserver: void onError(java.lang.Throwable)
com.google.android.material.internal.ViewUtils
com.google.android.material.animation.MotionSpec: boolean hasTiming(java.lang.String)
androidx.appcompat.R$id: int list_item
androidx.core.R$styleable: int FontFamilyFont_android_fontWeight
io.reactivex.internal.util.NotificationLite$DisposableNotification: long serialVersionUID
io.reactivex.internal.operators.single.SingleMaterialize: SingleMaterialize(io.reactivex.Single)
com.umeng.commonsdk.statistics.common.HelperUtils: java.lang.String readFile(java.io.File)
io.reactivex.internal.operators.flowable.FlowableRepeat: FlowableRepeat(io.reactivex.Flowable,long)
com.google.android.material.R$attr: int tabIndicatorColor
io.reactivex.internal.operators.completable.CompletableFromAction
androidx.appcompat.R$styleable: int[] RecycleListView
io.reactivex.internal.operators.completable.CompletableDefer: CompletableDefer(java.util.concurrent.Callable)
com.umeng.commonsdk.statistics.idtracking.a
io.reactivex.internal.operators.observable.ObservableWindowTimed$WindowExactUnboundedObserver: void onSubscribe(io.reactivex.disposables.Disposable)
okhttp3.internal.ws.WebSocketWriter: okhttp3.internal.ws.WebSocketWriter$FrameSink frameSink
com.google.android.material.shape.MaterialShapeDrawable: void getPathForSize(int,int,android.graphics.Path)
io.reactivex.internal.operators.observable.ObservableIgnoreElementsCompletable: io.reactivex.Observable fuseToObservable()
io.reactivex.internal.operators.observable.ObservableDebounceTimed$DebounceTimedObserver: io.reactivex.disposables.Disposable timer
com.umeng.analytics.pro.bo$e: com.umeng.analytics.pro.bo$e g
io.reactivex.internal.operators.flowable.FlowableBufferBoundary$BufferCloseSubscriber: void onSubscribe(org.reactivestreams.Subscription)
com.google.android.material.R$style: int Base_TextAppearance_AppCompat_Display2
io.reactivex.internal.operators.observable.ObservableConcatWithCompletable$ConcatWithObserver: void dispose()
com.umeng.analytics.pro.dn: dn()
com.google.android.material.internal.DescendantOffsetUtils: DescendantOffsetUtils()
io.reactivex.internal.operators.flowable.FlowableSequenceEqual$EqualSubscriber: int limit