app/usage.txt
com.fpliu.newton.video.player.sample.MyApplication$onActivityCreated$1$1
    public final android.graphics.Paint getPaint()
com.fpliu.newton.video.player.sample.R$id
com.fpliu.newton.video.player.sample.R$color
com.fpliu.newton.video.player.sample.BuildConfig
com.fpliu.newton.video.player.sample.R$attr
com.fpliu.newton.video.player.sample.R$drawable
com.fpliu.newton.video.player.sample.R$mipmap
com.fpliu.newton.video.player.sample.MyApplication$onCreate$4
    public final com.fpliu.newton.http.cookie.MemoryCookieJar getCookieJar()
com.fpliu.newton.video.player.sample.R$string
com.fpliu.newton.video.player.sample.R$style
com.fpliu.newton.video.player.sample.R$bool
com.fpliu.newton.video.player.sample.MainActivity
    public android.view.View _$_findCachedViewById(int)
    public void _$_clearFindViewByIdCache()
    private java.util.HashMap _$_findViewCache
com.fpliu.newton.video.player.sample.R$anim
com.fpliu.newton.video.player.sample.R$layout
com.fpliu.newton.video.player.sample.R$integer
com.fpliu.newton.video.player.sample.R$interpolator
com.fpliu.newton.video.player.sample.R$dimen
com.fpliu.newton.video.player.sample.R$animator
com.fpliu.newton.video.player.sample.R$styleable
com.fpliu.newton.video.player.sample.R
com.fpliu.newton.video.player.sample.MyApplication$onCreate$4
    public java.util.ArrayList getInterceptors()
    public java.util.ArrayList getConverterFactories()
    public java.util.ArrayList getCallAdapterFactories()
com.fpliu.newton.video.player.sample.MyApplication$onCreate$3
    public final com.scwang.smartrefresh.layout.footer.ClassicsFooter createRefreshFooter(android.content.Context,com.scwang.smartrefresh.layout.api.RefreshLayout)
com.fpliu.newton.video.player.sample.MyApplication
    public static final com.fpliu.newton.video.player.sample.MyApplication$Companion Companion
com.fpliu.newton.video.player.sample.MyApplication$onCreate$2
    public final com.scwang.smartrefresh.layout.header.ClassicsHeader createRefreshHeader(android.content.Context,com.scwang.smartrefresh.layout.api.RefreshLayout)
com.fpliu.newton.video.player.sample.MyApplication$onCreate$1
    public final void accept(java.lang.Throwable)
com.fpliu.newton.video.player.sample.MyApplication$onActivityCreated$$inlined$apply$lambda$1
    public final void accept(kotlin.Unit)
    public final synthetic int $headHeight$inlined
com.fpliu.newton.video.player.sample.MyApplication$Companion
...
androidx.core.app.JobIntentService$WorkEnqueuer
    public void ensureJobId(int)
    public boolean mHasJobId
    public int mJobId
kotlin.sequences.SequencesKt__SequenceBuilderKt
androidx.appcompat.app.ToolbarActionBar
androidx.recyclerview.widget.StaggeredGridLayoutManager$AnchorInfo
    public void assignCoordinateFromPadding(int)
androidx.appcompat.widget.DropDownListView$GateKeeperDrawable
    public void setEnabled(boolean)
androidx.core.util.Preconditions
androidx.core.widget.CompoundButtonCompat
androidx.core.text.TextUtilsCompat
    public static int getLayoutDirectionFromFirstChar(java.util.Locale)
com.fpliu.newton.crash.CrashHandler$TipCallback
kotlin.collections.CollectionsKt___CollectionsJvmKt
kotlin.jvm.internal.ArrayIteratorsKt
com.fpliu.newton.ui.list.PullableScrollViewRecyclerViewActivity$1
    public com.fpliu.newton.ui.recyclerview.holder.ItemViewHolder onCreateViewHolder(android.view.ViewGroup,int)
    public void onBindViewHolder(com.fpliu.newton.ui.recyclerview.holder.ItemViewHolder,int,java.util.List)
androidx.transition.ChangeBounds$5
    public void set(android.view.View,android.graphics.PointF)
    public android.graphics.PointF get(android.view.View)
androidx.recyclerview.widget.DefaultItemAnimator$ChangeInfo
    public void <init>(androidx.recyclerview.widget.RecyclerView$ViewHolder,androidx.recyclerview.widget.RecyclerView$ViewHolder)
androidx.fragment.app.FragmentActivity
    public final void markFragmentsCreated()
androidx.appcompat.view.ViewPropertyAnimatorCompatSet
    public androidx.appcompat.view.ViewPropertyAnimatorCompatSet play(androidx.core.view.ViewPropertyAnimatorCompat)
    public androidx.appcompat.view.ViewPropertyAnimatorCompatSet playSequentially(androidx.core.view.ViewPropertyAnimatorCompat,androidx.core.view.ViewPropertyAnimatorCompat)
    public void onAnimationsEnded()
androidx.appcompat.app.AppCompatDelegateImpl$PanelFeatureState
    public boolean hasPanelItems()
    public androidx.appcompat.view.menu.MenuView getListMenuView(androidx.appcompat.view.menu.MenuPresenter$Callback)
kotlin.text.StringsKt__StringsJVMKt
    public static final boolean isBlank(java.lang.CharSequence)
    public static final kotlin.collections.CharIterator iterator(java.lang.CharSequence)
    public static final kotlin.ranges.IntRange getIndices(java.lang.CharSequence)
    public static final kotlin.Pair findAnyOf$StringsKt__StringsKt(java.lang.CharSequence,java.util.Collection,int,boolean,boolean)
    public static final int indexOf(java.lang.CharSequence,char,int,boolean)
    public static final int indexOf(java.lang.CharSequence,java.lang.String,int,boolean)
    public static final int lastIndexOf(java.lang.CharSequence,java.lang.String,int,boolean)
    public static synthetic int lastIndexOf$default(java.lang.CharSequence,java.lang.String,int,boolean,int)
    public static final boolean contains(java.lang.CharSequence,java.lang.CharSequence,boolean)
    public static synthetic boolean contains$default(java.lang.CharSequence,java.lang.CharSequence,boolean,int)
    public static final synthetic kotlin.Pair access$findAnyOf(java.lang.CharSequence,java.util.Collection,int,boolean,boolean)
androidx.core.view.ViewCompat$4
    public java.lang.CharSequence frameworkGet(android.view.View)
androidx.arch.core.internal.FastSafeIterableMap
    public java.lang.Object putIfAbsent(java.lang.Object,java.lang.Object)
    public java.util.Map$Entry ceil(java.lang.Object)
androidx.appcompat.widget.ActionMenuPresenter$OverflowMenuButton
    public final float[] mTempPts
androidx.legacy.content.WakefulBroadcastReceiver
    public static final android.util.SparseArray sActiveWakeLocks
    public static int mNextId
androidx.transition.ViewOverlayApi14
com.fpliu.newton.video.player.VideoPlayerActivity
    static void <clinit>()
    public final void setupVideoView()
    public final void registerVideoViewListeners()
    public final void onReceiveFirstFrameVideo()
    public boolean isVideoLandscape